<?xml version="1.0" encoding="UTF-8"?>
<!-- Generated by org.testng.reporters.JUnitReportReporter -->
<testsuite hostname="M5290478" failures="0" tests="3" name="com.testCases.Test1" time="0.004" errors="0" timestamp="10 Jul 2021 10:28:02 GMT" skipped="0">
  <testcase classname="com.testCases.Test1" name="a2" time="0.001"/>
  <testcase classname="com.testCases.Test1" name="a3" time="0.002"/>
  <testcase classname="com.testCases.Test1" name="a1" time="0.001"/>
</testsuite> <!-- com.testCases.Test1 -->
