<?xml version="1.0" encoding="UTF-8"?>
<!-- Generated by org.testng.reporters.JUnitReportReporter -->
<testsuite hostname="M5290478" failures="0" tests="3" name="com.testCases.Test2" time="0.009" errors="0" timestamp="10 Jul 2021 10:28:02 GMT" skipped="0">
  <testcase classname="com.testCases.Test2" name="b1" time="0.008"/>
  <testcase classname="com.testCases.Test2" name="b2" time="0.000"/>
  <testcase classname="com.testCases.Test2" name="b3" time="0.001"/>
</testsuite> <!-- com.testCases.Test2 -->
