<?xml version="1.0" encoding="UTF-8"?>
<!-- Generated by org.testng.reporters.JUnitReportReporter -->
<testsuite hostname="M5290478" failures="0" tests="3" name="com.testCases.Test3" time="0.006" errors="0" timestamp="10 Jul 2021 10:28:02 GMT" skipped="0">
  <testcase classname="com.testCases.Test3" name="c1" time="0.002"/>
  <testcase classname="com.testCases.Test3" name="c3" time="0.002"/>
  <testcase classname="com.testCases.Test3" name="c2" time="0.002"/>
</testsuite> <!-- com.testCases.Test3 -->
